2025-03-05 14:59:28,099 - root - INFO - Starting SE Team 26 API v1.0.0
2025-03-05 14:59:28,692 - sqlalchemy.engine.Engine - INFO - select pg_catalog.version()
2025-03-05 14:59:28,692 - sqlalchemy.engine.Engine - INFO - [raw sql] ()
2025-03-05 14:59:28,869 - sqlalchemy.engine.Engine - INFO - select current_schema()
2025-03-05 14:59:28,869 - sqlalchemy.engine.Engine - INFO - [raw sql] ()
2025-03-05 14:59:29,045 - sqlalchemy.engine.Engine - INFO - show standard_conforming_strings
2025-03-05 14:59:29,045 - sqlalchemy.engine.Engine - INFO - [raw sql] ()
2025-03-05 14:59:29,177 - sqlalchemy.engine.Engine - INFO - BEGIN (implicit)
2025-03-05 14:59:29,180 - sqlalchemy.engine.Engine - INFO - SELECT pg_catalog.pg_class.relname 
FROM pg_catalog.pg_class JOIN pg_catalog.pg_namespace ON pg_catalog.pg_namespace.oid = pg_catalog.pg_class.relnamespace 
WHERE pg_catalog.pg_class.relkind = ANY (ARRAY[$1::VARCHAR, $2::VARCHAR]) AND pg_catalog.pg_class.relpersistence != $3::CHAR AND pg_catalog.pg_table_is_visible(pg_catalog.pg_class.oid) AND pg_catalog.pg_namespace.nspname != $4::VARCHAR
2025-03-05 14:59:29,180 - sqlalchemy.engine.Engine - INFO - [generated in 0.00032s] ('r', 'p', 't', 'pg_catalog')
2025-03-05 14:59:29,310 - sqlalchemy.engine.Engine - INFO - COMMIT
2025-03-05 14:59:29,409 - app.services.monitoring_service - INFO - Started monitoring background tasks
2025-03-05 14:59:37,674 - app.services.monitoring_service - INFO - Stopped monitoring background tasks
2025-03-05 14:59:41,478 - root - INFO - Starting SE Team 26 API v1.0.0
2025-03-05 14:59:42,053 - sqlalchemy.engine.Engine - INFO - select pg_catalog.version()
2025-03-05 14:59:42,053 - sqlalchemy.engine.Engine - INFO - [raw sql] ()
2025-03-05 14:59:42,225 - sqlalchemy.engine.Engine - INFO - select current_schema()
2025-03-05 14:59:42,225 - sqlalchemy.engine.Engine - INFO - [raw sql] ()
2025-03-05 14:59:42,397 - sqlalchemy.engine.Engine - INFO - show standard_conforming_strings
2025-03-05 14:59:42,397 - sqlalchemy.engine.Engine - INFO - [raw sql] ()
2025-03-05 14:59:42,524 - sqlalchemy.engine.Engine - INFO - BEGIN (implicit)
2025-03-05 14:59:42,529 - sqlalchemy.engine.Engine - INFO - SELECT pg_catalog.pg_class.relname 
FROM pg_catalog.pg_class JOIN pg_catalog.pg_namespace ON pg_catalog.pg_namespace.oid = pg_catalog.pg_class.relnamespace 
WHERE pg_catalog.pg_class.relkind = ANY (ARRAY[$1::VARCHAR, $2::VARCHAR]) AND pg_catalog.pg_class.relpersistence != $3::CHAR AND pg_catalog.pg_table_is_visible(pg_catalog.pg_class.oid) AND pg_catalog.pg_namespace.nspname != $4::VARCHAR
2025-03-05 14:59:42,529 - sqlalchemy.engine.Engine - INFO - [generated in 0.00036s] ('r', 'p', 't', 'pg_catalog')
2025-03-05 14:59:42,656 - sqlalchemy.engine.Engine - INFO - COMMIT
2025-03-05 14:59:42,742 - app.services.monitoring_service - INFO - Started monitoring background tasks
2025-03-05 14:59:48,544 - root - INFO - Starting SE Team 26 API v1.0.0
2025-03-05 14:59:49,160 - sqlalchemy.engine.Engine - INFO - select pg_catalog.version()
2025-03-05 14:59:49,160 - sqlalchemy.engine.Engine - INFO - [raw sql] ()
2025-03-05 14:59:49,338 - sqlalchemy.engine.Engine - INFO - select current_schema()
2025-03-05 14:59:49,339 - sqlalchemy.engine.Engine - INFO - [raw sql] ()
2025-03-05 14:59:49,517 - sqlalchemy.engine.Engine - INFO - show standard_conforming_strings
2025-03-05 14:59:49,517 - sqlalchemy.engine.Engine - INFO - [raw sql] ()
2025-03-05 14:59:49,652 - sqlalchemy.engine.Engine - INFO - BEGIN (implicit)
2025-03-05 14:59:49,659 - sqlalchemy.engine.Engine - INFO - SELECT pg_catalog.pg_class.relname 
FROM pg_catalog.pg_class JOIN pg_catalog.pg_namespace ON pg_catalog.pg_namespace.oid = pg_catalog.pg_class.relnamespace 
WHERE pg_catalog.pg_class.relkind = ANY (ARRAY[$1::VARCHAR, $2::VARCHAR]) AND pg_catalog.pg_class.relpersistence != $3::CHAR AND pg_catalog.pg_table_is_visible(pg_catalog.pg_class.oid) AND pg_catalog.pg_namespace.nspname != $4::VARCHAR
2025-03-05 14:59:49,659 - sqlalchemy.engine.Engine - INFO - [generated in 0.00081s] ('r', 'p', 't', 'pg_catalog')
2025-03-05 14:59:49,794 - sqlalchemy.engine.Engine - INFO - COMMIT
2025-03-05 14:59:49,884 - app.services.monitoring_service - INFO - Started monitoring background tasks
2025-03-05 14:59:55,495 - root - INFO - Starting SE Team 26 API v1.0.0
2025-03-05 14:59:56,093 - sqlalchemy.engine.Engine - INFO - select pg_catalog.version()
2025-03-05 14:59:56,093 - sqlalchemy.engine.Engine - INFO - [raw sql] ()
2025-03-05 14:59:56,265 - sqlalchemy.engine.Engine - INFO - select current_schema()
2025-03-05 14:59:56,266 - sqlalchemy.engine.Engine - INFO - [raw sql] ()
2025-03-05 14:59:56,437 - sqlalchemy.engine.Engine - INFO - show standard_conforming_strings
2025-03-05 14:59:56,437 - sqlalchemy.engine.Engine - INFO - [raw sql] ()
2025-03-05 14:59:56,566 - sqlalchemy.engine.Engine - INFO - BEGIN (implicit)
2025-03-05 14:59:56,569 - sqlalchemy.engine.Engine - INFO - SELECT pg_catalog.pg_class.relname 
FROM pg_catalog.pg_class JOIN pg_catalog.pg_namespace ON pg_catalog.pg_namespace.oid = pg_catalog.pg_class.relnamespace 
WHERE pg_catalog.pg_class.relkind = ANY (ARRAY[$1::VARCHAR, $2::VARCHAR]) AND pg_catalog.pg_class.relpersistence != $3::CHAR AND pg_catalog.pg_table_is_visible(pg_catalog.pg_class.oid) AND pg_catalog.pg_namespace.nspname != $4::VARCHAR
2025-03-05 14:59:56,569 - sqlalchemy.engine.Engine - INFO - [generated in 0.00027s] ('r', 'p', 't', 'pg_catalog')
2025-03-05 14:59:56,698 - sqlalchemy.engine.Engine - INFO - COMMIT
2025-03-05 14:59:56,785 - app.services.monitoring_service - INFO - Started monitoring background tasks
2025-03-05 15:00:02,552 - root - INFO - Starting SE Team 26 API v1.0.0
2025-03-05 15:00:03,855 - sqlalchemy.engine.Engine - INFO - select pg_catalog.version()
2025-03-05 15:00:03,855 - sqlalchemy.engine.Engine - INFO - [raw sql] ()
2025-03-05 15:00:04,229 - sqlalchemy.engine.Engine - INFO - select current_schema()
2025-03-05 15:00:04,230 - sqlalchemy.engine.Engine - INFO - [raw sql] ()
2025-03-05 15:00:05,339 - sqlalchemy.engine.Engine - INFO - show standard_conforming_strings
2025-03-05 15:00:05,340 - sqlalchemy.engine.Engine - INFO - [raw sql] ()
2025-03-05 15:00:05,708 - sqlalchemy.engine.Engine - INFO - BEGIN (implicit)
2025-03-05 15:00:05,712 - sqlalchemy.engine.Engine - INFO - SELECT pg_catalog.pg_class.relname 
FROM pg_catalog.pg_class JOIN pg_catalog.pg_namespace ON pg_catalog.pg_namespace.oid = pg_catalog.pg_class.relnamespace 
WHERE pg_catalog.pg_class.relkind = ANY (ARRAY[$1::VARCHAR, $2::VARCHAR]) AND pg_catalog.pg_class.relpersistence != $3::CHAR AND pg_catalog.pg_table_is_visible(pg_catalog.pg_class.oid) AND pg_catalog.pg_namespace.nspname != $4::VARCHAR
2025-03-05 15:00:05,713 - sqlalchemy.engine.Engine - INFO - [generated in 0.00061s] ('r', 'p', 't', 'pg_catalog')
2025-03-05 15:00:06,102 - sqlalchemy.engine.Engine - INFO - COMMIT
2025-03-05 15:00:06,316 - app.services.monitoring_service - INFO - Started monitoring background tasks
2025-03-05 15:00:12,250 - root - INFO - Starting SE Team 26 API v1.0.0
2025-03-05 15:00:12,825 - sqlalchemy.engine.Engine - INFO - select pg_catalog.version()
2025-03-05 15:00:12,825 - sqlalchemy.engine.Engine - INFO - [raw sql] ()
2025-03-05 15:00:12,995 - sqlalchemy.engine.Engine - INFO - select current_schema()
2025-03-05 15:00:12,996 - sqlalchemy.engine.Engine - INFO - [raw sql] ()
2025-03-05 15:00:13,176 - sqlalchemy.engine.Engine - INFO - show standard_conforming_strings
2025-03-05 15:00:13,176 - sqlalchemy.engine.Engine - INFO - [raw sql] ()
2025-03-05 15:00:13,310 - sqlalchemy.engine.Engine - INFO - BEGIN (implicit)
2025-03-05 15:00:13,313 - sqlalchemy.engine.Engine - INFO - SELECT pg_catalog.pg_class.relname 
FROM pg_catalog.pg_class JOIN pg_catalog.pg_namespace ON pg_catalog.pg_namespace.oid = pg_catalog.pg_class.relnamespace 
WHERE pg_catalog.pg_class.relkind = ANY (ARRAY[$1::VARCHAR, $2::VARCHAR]) AND pg_catalog.pg_class.relpersistence != $3::CHAR AND pg_catalog.pg_table_is_visible(pg_catalog.pg_class.oid) AND pg_catalog.pg_namespace.nspname != $4::VARCHAR
2025-03-05 15:00:13,313 - sqlalchemy.engine.Engine - INFO - [generated in 0.00029s] ('r', 'p', 't', 'pg_catalog')
2025-03-05 15:00:13,442 - sqlalchemy.engine.Engine - INFO - COMMIT
2025-03-05 15:00:13,535 - app.services.monitoring_service - INFO - Started monitoring background tasks
2025-03-05 15:00:19,370 - root - INFO - Starting SE Team 26 API v1.0.0
2025-03-05 15:00:19,948 - sqlalchemy.engine.Engine - INFO - select pg_catalog.version()
2025-03-05 15:00:19,949 - sqlalchemy.engine.Engine - INFO - [raw sql] ()
2025-03-05 15:00:20,124 - sqlalchemy.engine.Engine - INFO - select current_schema()
2025-03-05 15:00:20,125 - sqlalchemy.engine.Engine - INFO - [raw sql] ()
2025-03-05 15:00:20,295 - sqlalchemy.engine.Engine - INFO - show standard_conforming_strings
2025-03-05 15:00:20,295 - sqlalchemy.engine.Engine - INFO - [raw sql] ()
2025-03-05 15:00:20,422 - sqlalchemy.engine.Engine - INFO - BEGIN (implicit)
2025-03-05 15:00:20,427 - sqlalchemy.engine.Engine - INFO - SELECT pg_catalog.pg_class.relname 
FROM pg_catalog.pg_class JOIN pg_catalog.pg_namespace ON pg_catalog.pg_namespace.oid = pg_catalog.pg_class.relnamespace 
WHERE pg_catalog.pg_class.relkind = ANY (ARRAY[$1::VARCHAR, $2::VARCHAR]) AND pg_catalog.pg_class.relpersistence != $3::CHAR AND pg_catalog.pg_table_is_visible(pg_catalog.pg_class.oid) AND pg_catalog.pg_namespace.nspname != $4::VARCHAR
2025-03-05 15:00:20,428 - sqlalchemy.engine.Engine - INFO - [generated in 0.00050s] ('r', 'p', 't', 'pg_catalog')
2025-03-05 15:00:20,558 - sqlalchemy.engine.Engine - INFO - COMMIT
2025-03-05 15:00:20,646 - app.services.monitoring_service - INFO - Started monitoring background tasks
2025-03-05 15:00:25,608 - app.services.monitoring_service - INFO - Stopped monitoring background tasks
2025-03-05 15:00:29,807 - root - INFO - Starting SE Team 26 API v1.0.0
2025-03-05 15:00:30,416 - sqlalchemy.engine.Engine - INFO - select pg_catalog.version()
2025-03-05 15:00:30,416 - sqlalchemy.engine.Engine - INFO - [raw sql] ()
2025-03-05 15:00:30,599 - sqlalchemy.engine.Engine - INFO - select current_schema()
2025-03-05 15:00:30,600 - sqlalchemy.engine.Engine - INFO - [raw sql] ()
2025-03-05 15:00:30,777 - sqlalchemy.engine.Engine - INFO - show standard_conforming_strings
2025-03-05 15:00:30,777 - sqlalchemy.engine.Engine - INFO - [raw sql] ()
2025-03-05 15:00:30,909 - sqlalchemy.engine.Engine - INFO - BEGIN (implicit)
2025-03-05 15:00:30,913 - sqlalchemy.engine.Engine - INFO - SELECT pg_catalog.pg_class.relname 
FROM pg_catalog.pg_class JOIN pg_catalog.pg_namespace ON pg_catalog.pg_namespace.oid = pg_catalog.pg_class.relnamespace 
WHERE pg_catalog.pg_class.relkind = ANY (ARRAY[$1::VARCHAR, $2::VARCHAR]) AND pg_catalog.pg_class.relpersistence != $3::CHAR AND pg_catalog.pg_table_is_visible(pg_catalog.pg_class.oid) AND pg_catalog.pg_namespace.nspname != $4::VARCHAR
2025-03-05 15:00:30,914 - sqlalchemy.engine.Engine - INFO - [generated in 0.00040s] ('r', 'p', 't', 'pg_catalog')
2025-03-05 15:00:31,054 - sqlalchemy.engine.Engine - INFO - COMMIT
2025-03-05 15:00:31,143 - app.services.monitoring_service - INFO - Started monitoring background tasks
2025-03-05 15:00:37,177 - root - INFO - Starting SE Team 26 API v1.0.0
2025-03-05 15:00:37,749 - sqlalchemy.engine.Engine - INFO - select pg_catalog.version()
2025-03-05 15:00:37,749 - sqlalchemy.engine.Engine - INFO - [raw sql] ()
2025-03-05 15:00:37,918 - sqlalchemy.engine.Engine - INFO - select current_schema()
2025-03-05 15:00:37,918 - sqlalchemy.engine.Engine - INFO - [raw sql] ()
2025-03-05 15:00:38,088 - sqlalchemy.engine.Engine - INFO - show standard_conforming_strings
2025-03-05 15:00:38,088 - sqlalchemy.engine.Engine - INFO - [raw sql] ()
2025-03-05 15:00:38,215 - sqlalchemy.engine.Engine - INFO - BEGIN (implicit)
2025-03-05 15:00:38,219 - sqlalchemy.engine.Engine - INFO - SELECT pg_catalog.pg_class.relname 
FROM pg_catalog.pg_class JOIN pg_catalog.pg_namespace ON pg_catalog.pg_namespace.oid = pg_catalog.pg_class.relnamespace 
WHERE pg_catalog.pg_class.relkind = ANY (ARRAY[$1::VARCHAR, $2::VARCHAR]) AND pg_catalog.pg_class.relpersistence != $3::CHAR AND pg_catalog.pg_table_is_visible(pg_catalog.pg_class.oid) AND pg_catalog.pg_namespace.nspname != $4::VARCHAR
2025-03-05 15:00:38,219 - sqlalchemy.engine.Engine - INFO - [generated in 0.00038s] ('r', 'p', 't', 'pg_catalog')
2025-03-05 15:00:38,346 - sqlalchemy.engine.Engine - INFO - COMMIT
2025-03-05 15:00:38,433 - app.services.monitoring_service - INFO - Started monitoring background tasks
2025-03-05 15:00:44,273 - root - INFO - Starting SE Team 26 API v1.0.0
2025-03-05 15:00:44,900 - sqlalchemy.engine.Engine - INFO - select pg_catalog.version()
2025-03-05 15:00:44,901 - sqlalchemy.engine.Engine - INFO - [raw sql] ()
2025-03-05 15:00:45,071 - sqlalchemy.engine.Engine - INFO - select current_schema()
2025-03-05 15:00:45,071 - sqlalchemy.engine.Engine - INFO - [raw sql] ()
2025-03-05 15:00:45,241 - sqlalchemy.engine.Engine - INFO - show standard_conforming_strings
2025-03-05 15:00:45,241 - sqlalchemy.engine.Engine - INFO - [raw sql] ()
2025-03-05 15:00:45,372 - sqlalchemy.engine.Engine - INFO - BEGIN (implicit)
2025-03-05 15:00:45,376 - sqlalchemy.engine.Engine - INFO - SELECT pg_catalog.pg_class.relname 
FROM pg_catalog.pg_class JOIN pg_catalog.pg_namespace ON pg_catalog.pg_namespace.oid = pg_catalog.pg_class.relnamespace 
WHERE pg_catalog.pg_class.relkind = ANY (ARRAY[$1::VARCHAR, $2::VARCHAR]) AND pg_catalog.pg_class.relpersistence != $3::CHAR AND pg_catalog.pg_table_is_visible(pg_catalog.pg_class.oid) AND pg_catalog.pg_namespace.nspname != $4::VARCHAR
2025-03-05 15:00:45,376 - sqlalchemy.engine.Engine - INFO - [generated in 0.00040s] ('r', 'p', 't', 'pg_catalog')
2025-03-05 15:00:45,511 - sqlalchemy.engine.Engine - INFO - COMMIT
2025-03-05 15:00:45,598 - app.services.monitoring_service - INFO - Started monitoring background tasks
2025-03-05 15:00:51,412 - root - INFO - Starting SE Team 26 API v1.0.0
2025-03-05 15:00:51,987 - sqlalchemy.engine.Engine - INFO - select pg_catalog.version()
2025-03-05 15:00:51,988 - sqlalchemy.engine.Engine - INFO - [raw sql] ()
2025-03-05 15:00:52,161 - sqlalchemy.engine.Engine - INFO - select current_schema()
2025-03-05 15:00:52,161 - sqlalchemy.engine.Engine - INFO - [raw sql] ()
2025-03-05 15:00:52,333 - sqlalchemy.engine.Engine - INFO - show standard_conforming_strings
2025-03-05 15:00:52,333 - sqlalchemy.engine.Engine - INFO - [raw sql] ()
2025-03-05 15:00:52,467 - sqlalchemy.engine.Engine - INFO - BEGIN (implicit)
2025-03-05 15:00:52,471 - sqlalchemy.engine.Engine - INFO - SELECT pg_catalog.pg_class.relname 
FROM pg_catalog.pg_class JOIN pg_catalog.pg_namespace ON pg_catalog.pg_namespace.oid = pg_catalog.pg_class.relnamespace 
WHERE pg_catalog.pg_class.relkind = ANY (ARRAY[$1::VARCHAR, $2::VARCHAR]) AND pg_catalog.pg_class.relpersistence != $3::CHAR AND pg_catalog.pg_table_is_visible(pg_catalog.pg_class.oid) AND pg_catalog.pg_namespace.nspname != $4::VARCHAR
2025-03-05 15:00:52,471 - sqlalchemy.engine.Engine - INFO - [generated in 0.00029s] ('r', 'p', 't', 'pg_catalog')
2025-03-05 15:00:52,604 - sqlalchemy.engine.Engine - INFO - COMMIT
2025-03-05 15:00:52,691 - app.services.monitoring_service - INFO - Started monitoring background tasks
2025-03-05 15:00:58,454 - root - INFO - Starting SE Team 26 API v1.0.0
2025-03-05 15:00:59,042 - sqlalchemy.engine.Engine - INFO - select pg_catalog.version()
2025-03-05 15:00:59,042 - sqlalchemy.engine.Engine - INFO - [raw sql] ()
2025-03-05 15:00:59,235 - sqlalchemy.engine.Engine - INFO - select current_schema()
2025-03-05 15:00:59,235 - sqlalchemy.engine.Engine - INFO - [raw sql] ()
2025-03-05 15:00:59,411 - sqlalchemy.engine.Engine - INFO - show standard_conforming_strings
2025-03-05 15:00:59,411 - sqlalchemy.engine.Engine - INFO - [raw sql] ()
2025-03-05 15:00:59,543 - sqlalchemy.engine.Engine - INFO - BEGIN (implicit)
2025-03-05 15:00:59,546 - sqlalchemy.engine.Engine - INFO - SELECT pg_catalog.pg_class.relname 
FROM pg_catalog.pg_class JOIN pg_catalog.pg_namespace ON pg_catalog.pg_namespace.oid = pg_catalog.pg_class.relnamespace 
WHERE pg_catalog.pg_class.relkind = ANY (ARRAY[$1::VARCHAR, $2::VARCHAR]) AND pg_catalog.pg_class.relpersistence != $3::CHAR AND pg_catalog.pg_table_is_visible(pg_catalog.pg_class.oid) AND pg_catalog.pg_namespace.nspname != $4::VARCHAR
2025-03-05 15:00:59,546 - sqlalchemy.engine.Engine - INFO - [generated in 0.00031s] ('r', 'p', 't', 'pg_catalog')
2025-03-05 15:00:59,867 - sqlalchemy.engine.Engine - INFO - COMMIT
2025-03-05 15:00:59,962 - app.services.monitoring_service - INFO - Started monitoring background tasks
2025-03-05 15:01:06,012 - root - INFO - Starting SE Team 26 API v1.0.0
2025-03-05 15:01:06,660 - sqlalchemy.engine.Engine - INFO - select pg_catalog.version()
2025-03-05 15:01:06,661 - sqlalchemy.engine.Engine - INFO - [raw sql] ()
2025-03-05 15:01:06,829 - sqlalchemy.engine.Engine - INFO - select current_schema()
2025-03-05 15:01:06,829 - sqlalchemy.engine.Engine - INFO - [raw sql] ()
2025-03-05 15:01:06,999 - sqlalchemy.engine.Engine - INFO - show standard_conforming_strings
2025-03-05 15:01:07,000 - sqlalchemy.engine.Engine - INFO - [raw sql] ()
2025-03-05 15:01:07,126 - sqlalchemy.engine.Engine - INFO - BEGIN (implicit)
2025-03-05 15:01:07,130 - sqlalchemy.engine.Engine - INFO - SELECT pg_catalog.pg_class.relname 
FROM pg_catalog.pg_class JOIN pg_catalog.pg_namespace ON pg_catalog.pg_namespace.oid = pg_catalog.pg_class.relnamespace 
WHERE pg_catalog.pg_class.relkind = ANY (ARRAY[$1::VARCHAR, $2::VARCHAR]) AND pg_catalog.pg_class.relpersistence != $3::CHAR AND pg_catalog.pg_table_is_visible(pg_catalog.pg_class.oid) AND pg_catalog.pg_namespace.nspname != $4::VARCHAR
2025-03-05 15:01:07,131 - sqlalchemy.engine.Engine - INFO - [generated in 0.00038s] ('r', 'p', 't', 'pg_catalog')
2025-03-05 15:01:07,259 - sqlalchemy.engine.Engine - INFO - COMMIT
2025-03-05 15:01:07,347 - app.services.monitoring_service - INFO - Started monitoring background tasks
2025-03-05 15:01:13,203 - root - INFO - Starting SE Team 26 API v1.0.0
2025-03-05 15:01:13,778 - sqlalchemy.engine.Engine - INFO - select pg_catalog.version()
2025-03-05 15:01:13,778 - sqlalchemy.engine.Engine - INFO - [raw sql] ()
2025-03-05 15:01:13,949 - sqlalchemy.engine.Engine - INFO - select current_schema()
2025-03-05 15:01:13,949 - sqlalchemy.engine.Engine - INFO - [raw sql] ()
2025-03-05 15:01:14,129 - sqlalchemy.engine.Engine - INFO - show standard_conforming_strings
2025-03-05 15:01:14,129 - sqlalchemy.engine.Engine - INFO - [raw sql] ()
2025-03-05 15:01:14,262 - sqlalchemy.engine.Engine - INFO - BEGIN (implicit)
2025-03-05 15:01:14,265 - sqlalchemy.engine.Engine - INFO - SELECT pg_catalog.pg_class.relname 
FROM pg_catalog.pg_class JOIN pg_catalog.pg_namespace ON pg_catalog.pg_namespace.oid = pg_catalog.pg_class.relnamespace 
WHERE pg_catalog.pg_class.relkind = ANY (ARRAY[$1::VARCHAR, $2::VARCHAR]) AND pg_catalog.pg_class.relpersistence != $3::CHAR AND pg_catalog.pg_table_is_visible(pg_catalog.pg_class.oid) AND pg_catalog.pg_namespace.nspname != $4::VARCHAR
2025-03-05 15:01:14,266 - sqlalchemy.engine.Engine - INFO - [generated in 0.00037s] ('r', 'p', 't', 'pg_catalog')
2025-03-05 15:01:14,393 - sqlalchemy.engine.Engine - INFO - COMMIT
2025-03-05 15:01:14,478 - app.services.monitoring_service - INFO - Started monitoring background tasks
2025-03-05 15:01:20,092 - root - INFO - Starting SE Team 26 API v1.0.0
2025-03-05 15:01:20,693 - sqlalchemy.engine.Engine - INFO - select pg_catalog.version()
2025-03-05 15:01:20,694 - sqlalchemy.engine.Engine - INFO - [raw sql] ()
2025-03-05 15:01:20,872 - sqlalchemy.engine.Engine - INFO - select current_schema()
2025-03-05 15:01:20,873 - sqlalchemy.engine.Engine - INFO - [raw sql] ()
2025-03-05 15:01:21,056 - sqlalchemy.engine.Engine - INFO - show standard_conforming_strings
2025-03-05 15:01:21,057 - sqlalchemy.engine.Engine - INFO - [raw sql] ()
2025-03-05 15:01:21,192 - sqlalchemy.engine.Engine - INFO - BEGIN (implicit)
2025-03-05 15:01:21,197 - sqlalchemy.engine.Engine - INFO - SELECT pg_catalog.pg_class.relname 
FROM pg_catalog.pg_class JOIN pg_catalog.pg_namespace ON pg_catalog.pg_namespace.oid = pg_catalog.pg_class.relnamespace 
WHERE pg_catalog.pg_class.relkind = ANY (ARRAY[$1::VARCHAR, $2::VARCHAR]) AND pg_catalog.pg_class.relpersistence != $3::CHAR AND pg_catalog.pg_table_is_visible(pg_catalog.pg_class.oid) AND pg_catalog.pg_namespace.nspname != $4::VARCHAR
2025-03-05 15:01:21,197 - sqlalchemy.engine.Engine - INFO - [generated in 0.00042s] ('r', 'p', 't', 'pg_catalog')
2025-03-05 15:01:21,331 - sqlalchemy.engine.Engine - INFO - COMMIT
2025-03-05 15:01:21,423 - app.services.monitoring_service - INFO - Started monitoring background tasks
2025-03-05 15:01:27,371 - root - INFO - Starting SE Team 26 API v1.0.0
2025-03-05 15:01:27,951 - sqlalchemy.engine.Engine - INFO - select pg_catalog.version()
2025-03-05 15:01:27,952 - sqlalchemy.engine.Engine - INFO - [raw sql] ()
2025-03-05 15:01:28,125 - sqlalchemy.engine.Engine - INFO - select current_schema()
2025-03-05 15:01:28,125 - sqlalchemy.engine.Engine - INFO - [raw sql] ()
2025-03-05 15:01:28,297 - sqlalchemy.engine.Engine - INFO - show standard_conforming_strings
2025-03-05 15:01:28,297 - sqlalchemy.engine.Engine - INFO - [raw sql] ()
2025-03-05 15:01:28,426 - sqlalchemy.engine.Engine - INFO - BEGIN (implicit)
2025-03-05 15:01:28,429 - sqlalchemy.engine.Engine - INFO - SELECT pg_catalog.pg_class.relname 
FROM pg_catalog.pg_class JOIN pg_catalog.pg_namespace ON pg_catalog.pg_namespace.oid = pg_catalog.pg_class.relnamespace 
WHERE pg_catalog.pg_class.relkind = ANY (ARRAY[$1::VARCHAR, $2::VARCHAR]) AND pg_catalog.pg_class.relpersistence != $3::CHAR AND pg_catalog.pg_table_is_visible(pg_catalog.pg_class.oid) AND pg_catalog.pg_namespace.nspname != $4::VARCHAR
2025-03-05 15:01:28,430 - sqlalchemy.engine.Engine - INFO - [generated in 0.00043s] ('r', 'p', 't', 'pg_catalog')
2025-03-05 15:01:28,558 - sqlalchemy.engine.Engine - INFO - COMMIT
2025-03-05 15:01:28,644 - app.services.monitoring_service - INFO - Started monitoring background tasks
2025-03-05 15:01:35,486 - app.services.monitoring_service - INFO - Stopped monitoring background tasks
2025-03-05 15:01:38,796 - root - INFO - Starting SE Team 26 API v1.0.0
2025-03-05 15:01:39,377 - sqlalchemy.engine.Engine - INFO - select pg_catalog.version()
2025-03-05 15:01:39,377 - sqlalchemy.engine.Engine - INFO - [raw sql] ()
2025-03-05 15:01:39,561 - sqlalchemy.engine.Engine - INFO - select current_schema()
2025-03-05 15:01:39,561 - sqlalchemy.engine.Engine - INFO - [raw sql] ()
2025-03-05 15:01:39,733 - sqlalchemy.engine.Engine - INFO - show standard_conforming_strings
2025-03-05 15:01:39,734 - sqlalchemy.engine.Engine - INFO - [raw sql] ()
2025-03-05 15:01:39,863 - sqlalchemy.engine.Engine - INFO - BEGIN (implicit)
2025-03-05 15:01:39,867 - sqlalchemy.engine.Engine - INFO - SELECT pg_catalog.pg_class.relname 
FROM pg_catalog.pg_class JOIN pg_catalog.pg_namespace ON pg_catalog.pg_namespace.oid = pg_catalog.pg_class.relnamespace 
WHERE pg_catalog.pg_class.relkind = ANY (ARRAY[$1::VARCHAR, $2::VARCHAR]) AND pg_catalog.pg_class.relpersistence != $3::CHAR AND pg_catalog.pg_table_is_visible(pg_catalog.pg_class.oid) AND pg_catalog.pg_namespace.nspname != $4::VARCHAR
2025-03-05 15:01:39,867 - sqlalchemy.engine.Engine - INFO - [generated in 0.00031s] ('r', 'p', 't', 'pg_catalog')
2025-03-05 15:01:39,997 - sqlalchemy.engine.Engine - INFO - COMMIT
2025-03-05 15:01:40,085 - app.services.monitoring_service - INFO - Started monitoring background tasks
2025-03-05 15:01:48,846 - app.services.monitoring_service - INFO - Stopped monitoring background tasks
2025-03-05 15:01:52,772 - root - INFO - Starting SE Team 26 API v1.0.0
2025-03-05 15:01:53,392 - sqlalchemy.engine.Engine - INFO - select pg_catalog.version()
2025-03-05 15:01:53,393 - sqlalchemy.engine.Engine - INFO - [raw sql] ()
2025-03-05 15:01:53,565 - sqlalchemy.engine.Engine - INFO - select current_schema()
2025-03-05 15:01:53,565 - sqlalchemy.engine.Engine - INFO - [raw sql] ()
2025-03-05 15:01:53,737 - sqlalchemy.engine.Engine - INFO - show standard_conforming_strings
2025-03-05 15:01:53,737 - sqlalchemy.engine.Engine - INFO - [raw sql] ()
2025-03-05 15:01:53,868 - sqlalchemy.engine.Engine - INFO - BEGIN (implicit)
2025-03-05 15:01:53,872 - sqlalchemy.engine.Engine - INFO - SELECT pg_catalog.pg_class.relname 
FROM pg_catalog.pg_class JOIN pg_catalog.pg_namespace ON pg_catalog.pg_namespace.oid = pg_catalog.pg_class.relnamespace 
WHERE pg_catalog.pg_class.relkind = ANY (ARRAY[$1::VARCHAR, $2::VARCHAR]) AND pg_catalog.pg_class.relpersistence != $3::CHAR AND pg_catalog.pg_table_is_visible(pg_catalog.pg_class.oid) AND pg_catalog.pg_namespace.nspname != $4::VARCHAR
2025-03-05 15:01:53,872 - sqlalchemy.engine.Engine - INFO - [generated in 0.00037s] ('r', 'p', 't', 'pg_catalog')
2025-03-05 15:01:54,001 - sqlalchemy.engine.Engine - INFO - COMMIT
2025-03-05 15:01:54,087 - app.services.monitoring_service - INFO - Started monitoring background tasks
2025-03-05 15:01:59,617 - root - INFO - Starting SE Team 26 API v1.0.0
2025-03-05 15:02:00,206 - sqlalchemy.engine.Engine - INFO - select pg_catalog.version()
2025-03-05 15:02:00,207 - sqlalchemy.engine.Engine - INFO - [raw sql] ()
2025-03-05 15:02:00,384 - sqlalchemy.engine.Engine - INFO - select current_schema()
2025-03-05 15:02:00,384 - sqlalchemy.engine.Engine - INFO - [raw sql] ()
2025-03-05 15:02:00,560 - sqlalchemy.engine.Engine - INFO - show standard_conforming_strings
2025-03-05 15:02:00,561 - sqlalchemy.engine.Engine - INFO - [raw sql] ()
2025-03-05 15:02:00,695 - sqlalchemy.engine.Engine - INFO - BEGIN (implicit)
2025-03-05 15:02:00,699 - sqlalchemy.engine.Engine - INFO - SELECT pg_catalog.pg_class.relname 
FROM pg_catalog.pg_class JOIN pg_catalog.pg_namespace ON pg_catalog.pg_namespace.oid = pg_catalog.pg_class.relnamespace 
WHERE pg_catalog.pg_class.relkind = ANY (ARRAY[$1::VARCHAR, $2::VARCHAR]) AND pg_catalog.pg_class.relpersistence != $3::CHAR AND pg_catalog.pg_table_is_visible(pg_catalog.pg_class.oid) AND pg_catalog.pg_namespace.nspname != $4::VARCHAR
2025-03-05 15:02:00,699 - sqlalchemy.engine.Engine - INFO - [generated in 0.00042s] ('r', 'p', 't', 'pg_catalog')
2025-03-05 15:02:00,831 - sqlalchemy.engine.Engine - INFO - COMMIT
2025-03-05 15:02:00,921 - app.services.monitoring_service - INFO - Started monitoring background tasks
2025-03-05 15:02:06,421 - root - INFO - Starting SE Team 26 API v1.0.0
2025-03-05 15:02:06,994 - sqlalchemy.engine.Engine - INFO - select pg_catalog.version()
2025-03-05 15:02:06,995 - sqlalchemy.engine.Engine - INFO - [raw sql] ()
2025-03-05 15:02:07,175 - sqlalchemy.engine.Engine - INFO - select current_schema()
2025-03-05 15:02:07,176 - sqlalchemy.engine.Engine - INFO - [raw sql] ()
2025-03-05 15:02:07,349 - sqlalchemy.engine.Engine - INFO - show standard_conforming_strings
2025-03-05 15:02:07,349 - sqlalchemy.engine.Engine - INFO - [raw sql] ()
2025-03-05 15:02:07,476 - sqlalchemy.engine.Engine - INFO - BEGIN (implicit)
2025-03-05 15:02:07,479 - sqlalchemy.engine.Engine - INFO - SELECT pg_catalog.pg_class.relname 
FROM pg_catalog.pg_class JOIN pg_catalog.pg_namespace ON pg_catalog.pg_namespace.oid = pg_catalog.pg_class.relnamespace 
WHERE pg_catalog.pg_class.relkind = ANY (ARRAY[$1::VARCHAR, $2::VARCHAR]) AND pg_catalog.pg_class.relpersistence != $3::CHAR AND pg_catalog.pg_table_is_visible(pg_catalog.pg_class.oid) AND pg_catalog.pg_namespace.nspname != $4::VARCHAR
2025-03-05 15:02:07,480 - sqlalchemy.engine.Engine - INFO - [generated in 0.00035s] ('r', 'p', 't', 'pg_catalog')
2025-03-05 15:02:07,606 - sqlalchemy.engine.Engine - INFO - COMMIT
2025-03-05 15:02:07,694 - app.services.monitoring_service - INFO - Started monitoring background tasks
